14-03-2023 19:03:221 INFO  BaseTest :44 - ======================== [ Property file is loaded Successfully ] =========================
14-03-2023 19:03:226 INFO  BaseTest :57 - ======================== [ Launching Chrome Browser] ==============================
14-03-2023 19:03:92 INFO  BaseTest :74 - The browser is launched successfully
14-03-2023 19:03:30 INFO  BaseTest :123 - The Goibibo site is launched succesfully
14-03-2023 19:03:415 INFO  ReusableHelper :65 - The element appLaunchPopupClose is clicked
14-03-2023 19:03:464 INFO  BrowserHelper :120 - The browser current page url : https://www.makemytrip.com/
14-03-2023 19:03:87 INFO  ReusableHelper :65 - The element fromLocationSection is clicked
14-03-2023 19:03:347 INFO  ReusableHelper :98 - The text MAA is entered into an fromLocation element
14-03-2023 19:03:347 INFO  ReusableHelper :84 - The updated locator string with the value : //ul[@id='autoSuggest-list']//li//div[@class='sc-jObWnj bRMwkb']//span[text()='Chennai, India']
14-03-2023 19:03:786 INFO  BasePage :92 - Error occured while wait for an element : //ul[@id='autoSuggest-list']//li//div[@class='sc-jObWnj bRMwkb']//span[text()='Chennai, India']
org.openqa.selenium.TimeoutException: Expected condition failed: waiting for presence of element located by: By.xpath: //ul[@id='autoSuggest-list']//li//div[@class='sc-jObWnj bRMwkb']//span[text()='Chennai, India'] (tried for 30 second(s) with 500 milliseconds interval)
14-03-2023 19:03:830 INFO  BaseTest :91 - FAILED ***** : Verify user is able to enter travel details
14-03-2023 19:03:491 INFO  ExtentListener :111 - The test failure screenshot is captured to attach in extent and testNG report
14-03-2023 19:03:993 INFO  BaseTest :44 - ======================== [ Property file is loaded Successfully ] =========================
14-03-2023 19:03:00 INFO  BaseTest :57 - ======================== [ Launching Chrome Browser] ==============================
14-03-2023 19:03:863 INFO  BaseTest :74 - The browser is launched successfully
14-03-2023 19:03:770 INFO  BaseTest :123 - The Goibibo site is launched succesfully
14-03-2023 19:03:196 INFO  ReusableHelper :65 - The element appLaunchPopupClose is clicked
14-03-2023 19:03:216 INFO  BrowserHelper :120 - The browser current page url : https://www.makemytrip.com/
14-03-2023 19:03:737 INFO  ReusableHelper :65 - The element fromLocationSection is clicked
14-03-2023 19:03:794 INFO  ReusableHelper :101 - Error occured while enter text into an fromLocation element
org.openqa.selenium.NoSuchElementException: no such element: Unable to locate element: {"method":"xpath","selector":"//input[placeholder='From']"}
  (Session info: chrome=111.0.5563.64)
For documentation on this error, please visit: https://selenium.dev/exceptions/#no_such_element
Build info: version: '4.8.1', revision: '8ebccac989'
System info: os.name: 'Windows 10', os.arch: 'amd64', os.version: '10.0', java.version: '17.0.3.1'
Driver info: org.openqa.selenium.chrome.ChromeDriver
Command: [be57b3584c01a44e55b4e434cf10d2db, findElement {using=xpath, value=//input[placeholder='From']}]
Capabilities {acceptInsecureCerts: false, browserName: chrome, browserVersion: 111.0.5563.64, chrome: {chromedriverVersion: 111.0.5563.64 (c710e93d5b63..., userDataDir: C:\Users\JAGATH~1\AppData\L...}, goog:chromeOptions: {debuggerAddress: localhost:4261}, networkConnectionEnabled: false, pageLoadStrategy: normal, platformName: WINDOWS, proxy: Proxy(), se:cdp: ws://localhost:4261/devtool..., se:cdpVersion: 111.0.5563.64, setWindowRect: true, strictFileInteractability: false, timeouts: {implicit: 0, pageLoad: 300000, script: 30000}, unhandledPromptBehavior: dismiss and notify, webauthn:extension:credBlob: true, webauthn:extension:largeBlob: true, webauthn:extension:minPinLength: true, webauthn:extension:prf: true, webauthn:virtualAuthenticators: true}
Session ID: be57b3584c01a44e55b4e434cf10d2db
14-03-2023 19:03:809 INFO  BaseTest :91 - FAILED ***** : Verify user is able to enter travel details
14-03-2023 19:03:926 INFO  ExtentListener :111 - The test failure screenshot is captured to attach in extent and testNG report
14-03-2023 19:03:816 INFO  BaseTest :44 - ======================== [ Property file is loaded Successfully ] =========================
14-03-2023 19:03:822 INFO  BaseTest :57 - ======================== [ Launching Chrome Browser] ==============================
14-03-2023 19:03:904 INFO  BaseTest :74 - The browser is launched successfully
14-03-2023 19:03:784 INFO  BaseTest :123 - The Goibibo site is launched succesfully
14-03-2023 19:03:379 INFO  ReusableHelper :68 - Error occured while click on an appLaunchPopupClose element
org.openqa.selenium.NoSuchElementException: no such element: Unable to locate element: {"method":"css selector","selector":".ic_circularclose_grey"}
  (Session info: chrome=111.0.5563.64)
For documentation on this error, please visit: https://selenium.dev/exceptions/#no_such_element
Build info: version: '4.8.1', revision: '8ebccac989'
System info: os.name: 'Windows 10', os.arch: 'amd64', os.version: '10.0', java.version: '17.0.3.1'
Driver info: org.openqa.selenium.chrome.ChromeDriver
Command: [739de4cd38afeb255dce3a0a89f265ec, findElement {using=css selector, value=.ic_circularclose_grey}]
Capabilities {acceptInsecureCerts: false, browserName: chrome, browserVersion: 111.0.5563.64, chrome: {chromedriverVersion: 111.0.5563.64 (c710e93d5b63..., userDataDir: C:\Users\JAGATH~1\AppData\L...}, goog:chromeOptions: {debuggerAddress: localhost:4354}, networkConnectionEnabled: false, pageLoadStrategy: normal, platformName: WINDOWS, proxy: Proxy(), se:cdp: ws://localhost:4354/devtool..., se:cdpVersion: 111.0.5563.64, setWindowRect: true, strictFileInteractability: false, timeouts: {implicit: 0, pageLoad: 300000, script: 30000}, unhandledPromptBehavior: dismiss and notify, webauthn:extension:credBlob: true, webauthn:extension:largeBlob: true, webauthn:extension:minPinLength: true, webauthn:extension:prf: true, webauthn:virtualAuthenticators: true}
Session ID: 739de4cd38afeb255dce3a0a89f265ec
14-03-2023 19:03:435 INFO  BaseTest :91 - FAILED ***** : Verify user is able to enter travel details
14-03-2023 19:03:70 INFO  ExtentListener :111 - The test failure screenshot is captured to attach in extent and testNG report
14-03-2023 19:03:210 INFO  BaseTest :44 - ======================== [ Property file is loaded Successfully ] =========================
14-03-2023 19:03:214 INFO  BaseTest :57 - ======================== [ Launching Chrome Browser] ==============================
14-03-2023 19:03:318 INFO  BaseTest :74 - The browser is launched successfully
14-03-2023 19:03:785 INFO  BaseTest :123 - The Goibibo site is launched succesfully
14-03-2023 19:03:46 INFO  BrowserHelper :120 - The browser current page url : https://www.makemytrip.com/
14-03-2023 19:03:807 INFO  ReusableHelper :65 - The element fromLocationSection is clicked
14-03-2023 19:03:995 INFO  ReusableHelper :98 - The text MAA is entered into an fromLocation element
14-03-2023 19:03:996 INFO  ReusableHelper :84 - The updated locator string with the value : //ul[@id='autoSuggest-list']//li//div[@class='sc-jObWnj bRMwkb']//span[text()='Chennai, India']
14-03-2023 19:03:407 INFO  BasePage :92 - Error occured while wait for an element : //ul[@id='autoSuggest-list']//li//div[@class='sc-jObWnj bRMwkb']//span[text()='Chennai, India']
org.openqa.selenium.TimeoutException: Expected condition failed: waiting for presence of element located by: By.xpath: //ul[@id='autoSuggest-list']//li//div[@class='sc-jObWnj bRMwkb']//span[text()='Chennai, India'] (tried for 30 second(s) with 500 milliseconds interval)
14-03-2023 19:03:433 INFO  BaseTest :91 - FAILED ***** : Verify user is able to enter travel details
14-03-2023 19:03:132 INFO  ExtentListener :111 - The test failure screenshot is captured to attach in extent and testNG report
14-03-2023 19:03:887 INFO  BaseTest :44 - ======================== [ Property file is loaded Successfully ] =========================
14-03-2023 19:03:893 INFO  BaseTest :57 - ======================== [ Launching Chrome Browser] ==============================
14-03-2023 19:03:706 INFO  BaseTest :74 - The browser is launched successfully
14-03-2023 19:03:461 INFO  BaseTest :123 - The Goibibo site is launched succesfully
14-03-2023 19:03:650 INFO  BrowserHelper :120 - The browser current page url : https://www.makemytrip.com/
14-03-2023 19:03:29 INFO  ReusableHelper :68 - Error occured while click on an fromLocationSection element
org.openqa.selenium.NoSuchElementException: no such element: Unable to locate element: {"method":"xpath","selector":"//label[@for='fromCity']"}
  (Session info: chrome=111.0.5563.64)
For documentation on this error, please visit: https://selenium.dev/exceptions/#no_such_element
Build info: version: '4.8.1', revision: '8ebccac989'
System info: os.name: 'Windows 10', os.arch: 'amd64', os.version: '10.0', java.version: '17.0.3.1'
Driver info: org.openqa.selenium.chrome.ChromeDriver
Command: [4585c7b0bf8e579e655a8ff904961807, findElement {using=xpath, value=//label[@for='fromCity']}]
Capabilities {acceptInsecureCerts: false, browserName: chrome, browserVersion: 111.0.5563.64, chrome: {chromedriverVersion: 111.0.5563.64 (c710e93d5b63..., userDataDir: C:\Users\JAGATH~1\AppData\L...}, goog:chromeOptions: {debuggerAddress: localhost:4588}, networkConnectionEnabled: false, pageLoadStrategy: normal, platformName: WINDOWS, proxy: Proxy(), se:cdp: ws://localhost:4588/devtool..., se:cdpVersion: 111.0.5563.64, setWindowRect: true, strictFileInteractability: false, timeouts: {implicit: 0, pageLoad: 300000, script: 30000}, unhandledPromptBehavior: dismiss and notify, webauthn:extension:credBlob: true, webauthn:extension:largeBlob: true, webauthn:extension:minPinLength: true, webauthn:extension:prf: true, webauthn:virtualAuthenticators: true}
Session ID: 4585c7b0bf8e579e655a8ff904961807
14-03-2023 19:03:51 INFO  BaseTest :91 - FAILED ***** : Verify user is able to enter travel details
14-03-2023 19:03:854 INFO  ExtentListener :111 - The test failure screenshot is captured to attach in extent and testNG report
14-03-2023 19:03:898 INFO  BaseTest :44 - ======================== [ Property file is loaded Successfully ] =========================
14-03-2023 19:03:903 INFO  BaseTest :57 - ======================== [ Launching Chrome Browser] ==============================
14-03-2023 19:03:222 INFO  BaseTest :74 - The browser is launched successfully
14-03-2023 19:03:461 INFO  BaseTest :123 - The Goibibo site is launched succesfully
14-03-2023 19:03:577 INFO  BrowserHelper :120 - The browser current page url : https://www.makemytrip.com/
14-03-2023 19:03:665 INFO  ReusableHelper :65 - The element fromLocationSection is clicked
14-03-2023 19:03:993 INFO  ReusableHelper :98 - The text MAA is entered into an fromLocation element
14-03-2023 19:03:995 INFO  ReusableHelper :84 - The updated locator string with the value : //ul[@role='listbox']//li[@role='option']//p[text()='Chennai, India']
14-03-2023 19:03:310 INFO  ReusableHelper :88 - Error occured while click on an fromLocationSuggestion1 element
org.openqa.selenium.ElementClickInterceptedException: element click intercepted: Element <p class="font14 appendBottom5 blackText">...</p> is not clickable at point (242, 559). Other element would receive the click: <div data-cy="downloadAppToast" class="appDnldCnt downloadAppToast makeFlex hrtlCenter  ">...</div>
  (Session info: chrome=111.0.5563.64)
Build info: version: '4.8.1', revision: '8ebccac989'
System info: os.name: 'Windows 10', os.arch: 'amd64', os.version: '10.0', java.version: '17.0.3.1'
Driver info: org.openqa.selenium.chrome.ChromeDriver
Command: [d611490db9ee366d82c8caab5abe9e54, clickElement {id=7ccd86e2-3ba0-4435-a674-d5a446318c85}]
Capabilities {acceptInsecureCerts: false, browserName: chrome, browserVersion: 111.0.5563.64, chrome: {chromedriverVersion: 111.0.5563.64 (c710e93d5b63..., userDataDir: C:\Users\JAGATH~1\AppData\L...}, goog:chromeOptions: {debuggerAddress: localhost:4675}, networkConnectionEnabled: false, pageLoadStrategy: normal, platformName: WINDOWS, proxy: Proxy(), se:cdp: ws://localhost:4675/devtool..., se:cdpVersion: 111.0.5563.64, setWindowRect: true, strictFileInteractability: false, timeouts: {implicit: 0, pageLoad: 300000, script: 30000}, unhandledPromptBehavior: dismiss and notify, webauthn:extension:credBlob: true, webauthn:extension:largeBlob: true, webauthn:extension:minPinLength: true, webauthn:extension:prf: true, webauthn:virtualAuthenticators: true}
Element: [[ChromeDriver: chrome on WINDOWS (d611490db9ee366d82c8caab5abe9e54)] -> xpath: //ul[@role='listbox']//li[@role='option']//p[text()='Chennai, India']]
Session ID: d611490db9ee366d82c8caab5abe9e54
14-03-2023 19:03:338 INFO  BaseTest :91 - FAILED ***** : Verify user is able to enter travel details
14-03-2023 19:03:393 INFO  ExtentListener :111 - The test failure screenshot is captured to attach in extent and testNG report
14-03-2023 19:03:662 INFO  BaseTest :44 - ======================== [ Property file is loaded Successfully ] =========================
14-03-2023 19:03:667 INFO  BaseTest :57 - ======================== [ Launching Chrome Browser] ==============================
14-03-2023 19:03:538 INFO  BaseTest :74 - The browser is launched successfully
14-03-2023 19:03:210 INFO  BaseTest :123 - The Goibibo site is launched succesfully
14-03-2023 19:03:368 INFO  BrowserHelper :120 - The browser current page url : https://www.makemytrip.com/
14-03-2023 19:03:175 INFO  ReusableHelper :65 - The element fromLocationSection is clicked
14-03-2023 19:03:816 INFO  ReusableHelper :98 - The text MAA is entered into an fromLocation element
14-03-2023 19:03:817 INFO  ReusableHelper :84 - The updated locator string with the value : //ul[@role='listbox']//li[@role='option']//p[text()='Chennai, India']
14-03-2023 19:03:24 INFO  ReusableHelper :88 - Error occured while click on an fromLocationSuggestion1 element
org.openqa.selenium.ElementClickInterceptedException: element click intercepted: Element <p class="font14 appendBottom5 blackText">...</p> is not clickable at point (242, 559). Other element would receive the click: <div data-cy="downloadAppToast" class="appDnldCnt downloadAppToast makeFlex hrtlCenter  ">...</div>
  (Session info: chrome=111.0.5563.64)
Build info: version: '4.8.1', revision: '8ebccac989'
System info: os.name: 'Windows 10', os.arch: 'amd64', os.version: '10.0', java.version: '17.0.3.1'
Driver info: org.openqa.selenium.chrome.ChromeDriver
Command: [7a68b1bd10106ae079c6fc3b7b3c298e, clickElement {id=7e5b6c16-746c-42d3-b04a-f799b577b669}]
Capabilities {acceptInsecureCerts: false, browserName: chrome, browserVersion: 111.0.5563.64, chrome: {chromedriverVersion: 111.0.5563.64 (c710e93d5b63..., userDataDir: C:\Users\JAGATH~1\AppData\L...}, goog:chromeOptions: {debuggerAddress: localhost:4871}, networkConnectionEnabled: false, pageLoadStrategy: normal, platformName: WINDOWS, proxy: Proxy(), se:cdp: ws://localhost:4871/devtool..., se:cdpVersion: 111.0.5563.64, setWindowRect: true, strictFileInteractability: false, timeouts: {implicit: 0, pageLoad: 300000, script: 30000}, unhandledPromptBehavior: dismiss and notify, webauthn:extension:credBlob: true, webauthn:extension:largeBlob: true, webauthn:extension:minPinLength: true, webauthn:extension:prf: true, webauthn:virtualAuthenticators: true}
Element: [[ChromeDriver: chrome on WINDOWS (7a68b1bd10106ae079c6fc3b7b3c298e)] -> xpath: //ul[@role='listbox']//li[@role='option']//p[text()='Chennai, India']]
Session ID: 7a68b1bd10106ae079c6fc3b7b3c298e
14-03-2023 19:03:47 INFO  BaseTest :91 - FAILED ***** : Verify user is able to enter travel details
14-03-2023 19:03:159 INFO  ExtentListener :111 - The test failure screenshot is captured to attach in extent and testNG report
14-03-2023 19:03:818 INFO  BaseTest :44 - ======================== [ Property file is loaded Successfully ] =========================
14-03-2023 19:03:822 INFO  BaseTest :57 - ======================== [ Launching Chrome Browser] ==============================
14-03-2023 19:03:112 INFO  BaseTest :74 - The browser is launched successfully
14-03-2023 19:03:536 INFO  BaseTest :123 - The Goibibo site is launched succesfully
14-03-2023 19:03:901 INFO  BrowserHelper :120 - The browser current page url : https://www.makemytrip.com/
14-03-2023 19:03:946 INFO  ReusableHelper :65 - The element fromLocationSection is clicked
14-03-2023 19:03:323 INFO  ReusableHelper :98 - The text MAA is entered into an fromLocation element
14-03-2023 19:03:323 INFO  ReusableHelper :84 - The updated locator string with the value : //ul[@role='listbox']//li[@role='option']//p[text()='Chennai, India']
14-03-2023 19:03:539 INFO  ReusableHelper :88 - Error occured while click on an fromLocationSuggestion1 element
org.openqa.selenium.ElementClickInterceptedException: element click intercepted: Element <p class="font14 appendBottom5 blackText">...</p> is not clickable at point (242, 559). Other element would receive the click: <div data-cy="downloadAppToast" class="appDnldCnt downloadAppToast makeFlex hrtlCenter  ">...</div>
  (Session info: chrome=111.0.5563.64)
Build info: version: '4.8.1', revision: '8ebccac989'
System info: os.name: 'Windows 10', os.arch: 'amd64', os.version: '10.0', java.version: '17.0.3.1'
Driver info: org.openqa.selenium.chrome.ChromeDriver
Command: [2d8d1e13bd10107065e863d7464d506b, clickElement {id=ccdf86ee-7777-4b20-900a-c05e5d0f0e66}]
Capabilities {acceptInsecureCerts: false, browserName: chrome, browserVersion: 111.0.5563.64, chrome: {chromedriverVersion: 111.0.5563.64 (c710e93d5b63..., userDataDir: C:\Users\JAGATH~1\AppData\L...}, goog:chromeOptions: {debuggerAddress: localhost:5759}, networkConnectionEnabled: false, pageLoadStrategy: normal, platformName: WINDOWS, proxy: Proxy(), se:cdp: ws://localhost:5759/devtool..., se:cdpVersion: 111.0.5563.64, setWindowRect: true, strictFileInteractability: false, timeouts: {implicit: 0, pageLoad: 300000, script: 30000}, unhandledPromptBehavior: dismiss and notify, webauthn:extension:credBlob: true, webauthn:extension:largeBlob: true, webauthn:extension:minPinLength: true, webauthn:extension:prf: true, webauthn:virtualAuthenticators: true}
Element: [[ChromeDriver: chrome on WINDOWS (2d8d1e13bd10107065e863d7464d506b)] -> xpath: //ul[@role='listbox']//li[@role='option']//p[text()='Chennai, India']]
Session ID: 2d8d1e13bd10107065e863d7464d506b
14-03-2023 19:03:564 INFO  BaseTest :91 - FAILED ***** : Verify user is able to enter travel details
14-03-2023 19:03:529 INFO  ExtentListener :111 - The test failure screenshot is captured to attach in extent and testNG report
